d:\onedrive\documents\visual studio 2015\projects\templatemethoddemo\sandwichmaker\debug\vc140.pdb
d:\onedrive\documents\visual studio 2015\projects\templatemethoddemo\sandwichmaker\debug\vc140.idb
d:\onedrive\documents\visual studio 2015\projects\templatemethoddemo\sandwichmaker\debug\italiansandwich.obj
d:\onedrive\documents\visual studio 2015\projects\templatemethoddemo\sandwichmaker\debug\sandwich.obj
d:\onedrive\documents\visual studio 2015\projects\templatemethoddemo\sandwichmaker\debug\utilities.obj
d:\onedrive\documents\visual studio 2015\projects\templatemethoddemo\sandwichmaker\debug\veggiesandwich.obj
d:\onedrive\documents\visual studio 2015\projects\templatemethoddemo\sandwichmaker\debug\sandwichmaker.obj
d:\onedrive\documents\visual studio 2015\projects\templatemethoddemo\debug\sandwichmaker.ilk
d:\onedrive\documents\visual studio 2015\projects\templatemethoddemo\debug\sandwichmaker.exe
d:\onedrive\documents\visual studio 2015\projects\templatemethoddemo\debug\sandwichmaker.pdb
d:\onedrive\documents\github\designpatterns\templatemethoddemo\sandwichmaker\debug\italiansandwich.obj
d:\onedrive\documents\github\designpatterns\templatemethoddemo\sandwichmaker\debug\sandwich.obj
d:\onedrive\documents\github\designpatterns\templatemethoddemo\sandwichmaker\debug\sandwichmaker.obj
d:\onedrive\documents\github\designpatterns\templatemethoddemo\sandwichmaker\debug\utilities.obj
d:\onedrive\documents\github\designpatterns\templatemethoddemo\sandwichmaker\debug\veggiesandwich.obj
d:\onedrive\documents\github\designpatterns\templatemethoddemo\sandwichmaker\debug\vc140.idb
d:\onedrive\documents\github\designpatterns\templatemethoddemo\sandwichmaker\debug\vc140.pdb
d:\onedrive\documents\github\designpatterns\templatemethoddemo\debug\sandwichmaker.pdb
d:\onedrive\documents\github\designpatterns\templatemethoddemo\debug\sandwichmaker.exe
d:\onedrive\documents\github\designpatterns\templatemethoddemo\debug\sandwichmaker.ilk
d:\onedrive\documents\github\designpatterns\templatemethoddemo\sandwichmaker\debug\sandwichmaker.tlog\cl.command.1.tlog
d:\onedrive\documents\github\designpatterns\templatemethoddemo\sandwichmaker\debug\sandwichmaker.tlog\cl.read.1.tlog
d:\onedrive\documents\github\designpatterns\templatemethoddemo\sandwichmaker\debug\sandwichmaker.tlog\cl.write.1.tlog
d:\onedrive\documents\github\designpatterns\templatemethoddemo\sandwichmaker\debug\sandwichmaker.tlog\link.command.1.tlog
d:\onedrive\documents\github\designpatterns\templatemethoddemo\sandwichmaker\debug\sandwichmaker.tlog\link.read.1.tlog
d:\onedrive\documents\github\designpatterns\templatemethoddemo\sandwichmaker\debug\sandwichmaker.tlog\link.write.1.tlog
