d:\onedrive\documents\visual studio 2015\projects\templatemethoddemo\italiansandwich\debug\vc140.pdb
d:\onedrive\documents\visual studio 2015\projects\templatemethoddemo\italiansandwich\debug\vc140.idb
d:\onedrive\documents\visual studio 2015\projects\templatemethoddemo\italiansandwich\debug\sandwich.obj
d:\onedrive\documents\visual studio 2015\projects\templatemethoddemo\italiansandwich\debug\italiansandwich.obj
d:\onedrive\documents\visual studio 2015\projects\templatemethoddemo\debug\italiansandwich.ilk
d:\onedrive\documents\visual studio 2015\projects\templatemethoddemo\debug\italiansandwich.exe
d:\onedrive\documents\visual studio 2015\projects\templatemethoddemo\debug\italiansandwich.pdb
d:\onedrive\documents\github\designpatterns\templatemethoddemo\italiansandwich\debug\italiansandwich.obj
d:\onedrive\documents\github\designpatterns\templatemethoddemo\italiansandwich\debug\sandwich.obj
d:\onedrive\documents\github\designpatterns\templatemethoddemo\italiansandwich\debug\vc140.idb
d:\onedrive\documents\github\designpatterns\templatemethoddemo\italiansandwich\debug\vc140.pdb
d:\onedrive\documents\github\designpatterns\templatemethoddemo\debug\italiansandwich.pdb
d:\onedrive\documents\github\designpatterns\templatemethoddemo\debug\italiansandwich.exe
d:\onedrive\documents\github\designpatterns\templatemethoddemo\debug\italiansandwich.ilk
d:\onedrive\documents\github\designpatterns\templatemethoddemo\italiansandwich\debug\italiansandwich.tlog\cl.command.1.tlog
d:\onedrive\documents\github\designpatterns\templatemethoddemo\italiansandwich\debug\italiansandwich.tlog\cl.read.1.tlog
d:\onedrive\documents\github\designpatterns\templatemethoddemo\italiansandwich\debug\italiansandwich.tlog\cl.write.1.tlog
d:\onedrive\documents\github\designpatterns\templatemethoddemo\italiansandwich\debug\italiansandwich.tlog\link.command.1.tlog
d:\onedrive\documents\github\designpatterns\templatemethoddemo\italiansandwich\debug\italiansandwich.tlog\link.read.1.tlog
d:\onedrive\documents\github\designpatterns\templatemethoddemo\italiansandwich\debug\italiansandwich.tlog\link.write.1.tlog
