d:\onedrive\documents\visual studio 2015\projects\templatemethoddemo\veggiesandwich\debug\vc140.pdb
d:\onedrive\documents\visual studio 2015\projects\templatemethoddemo\veggiesandwich\debug\vc140.idb
d:\onedrive\documents\visual studio 2015\projects\templatemethoddemo\veggiesandwich\debug\sandwich.obj
d:\onedrive\documents\visual studio 2015\projects\templatemethoddemo\veggiesandwich\debug\veggiesandwich.obj
d:\onedrive\documents\visual studio 2015\projects\templatemethoddemo\debug\veggiesandwich.ilk
d:\onedrive\documents\visual studio 2015\projects\templatemethoddemo\debug\veggiesandwich.exe
d:\onedrive\documents\visual studio 2015\projects\templatemethoddemo\debug\veggiesandwich.pdb
d:\onedrive\documents\github\designpatterns\templatemethoddemo\veggiesandwich\debug\sandwich.obj
d:\onedrive\documents\github\designpatterns\templatemethoddemo\veggiesandwich\debug\veggiesandwich.obj
d:\onedrive\documents\github\designpatterns\templatemethoddemo\veggiesandwich\debug\vc140.idb
d:\onedrive\documents\github\designpatterns\templatemethoddemo\veggiesandwich\debug\vc140.pdb
d:\onedrive\documents\github\designpatterns\templatemethoddemo\debug\veggiesandwich.pdb
d:\onedrive\documents\github\designpatterns\templatemethoddemo\debug\veggiesandwich.exe
d:\onedrive\documents\github\designpatterns\templatemethoddemo\debug\veggiesandwich.ilk
d:\onedrive\documents\github\designpatterns\templatemethoddemo\veggiesandwich\debug\veggiesandwich.tlog\cl.command.1.tlog
d:\onedrive\documents\github\designpatterns\templatemethoddemo\veggiesandwich\debug\veggiesandwich.tlog\cl.read.1.tlog
d:\onedrive\documents\github\designpatterns\templatemethoddemo\veggiesandwich\debug\veggiesandwich.tlog\cl.write.1.tlog
d:\onedrive\documents\github\designpatterns\templatemethoddemo\veggiesandwich\debug\veggiesandwich.tlog\link.command.1.tlog
d:\onedrive\documents\github\designpatterns\templatemethoddemo\veggiesandwich\debug\veggiesandwich.tlog\link.read.1.tlog
d:\onedrive\documents\github\designpatterns\templatemethoddemo\veggiesandwich\debug\veggiesandwich.tlog\link.write.1.tlog
